<?xml version="1.0" encoding="UTF-8" ?>
<testsuite failures="0" time="0.04" errors="0" skipped="0" tests="6" name="com.ltree.workshop3_1.UnitConverterTest">
  <properties>
[...]
</properties>
  <testcase time="0.01" classname="com.ltree.workshop3_1.UnitConverterTest" name="shouldConvertPoundsToKilograms"/>
  <testcase time="0" classname="com.ltree.workshop3_1.UnitConverterTest" name="shouldConvertBasicMileUnit"/>
  <testcase time="0" classname="com.ltree.workshop3_1.UnitConverterTest" name="shouldConvertMilesToKilometers"/>
  <testcase time="0" classname="com.ltree.workshop3_1.UnitConverterTest" name="shouldConvertKilogramsToPounds"/>
  <testcase time="0" classname="com.ltree.workshop3_1.UnitConverterTest" name="shouldConvertBasicKilogramUnit"/>
  <testcase time="0" classname="com.ltree.workshop3_1.UnitConverterTest" name="shouldConvertKilometersToMiles"/>
</testsuite>